123
         408894 function calls (408463 primitive calls) in 2.293 seconds

   Ordered by: standard name

   ncalls  tottime  percall  cumtime  percall filename:lineno(function)
        1    0.000    0.000    0.000    0.000 <string>:1(<module>)
        1    0.000    0.000    0.000    0.000 <string>:1(Match)
        1    0.000    0.000    0.000    0.000 <string>:1(Mismatch)
        1    0.000    0.000    0.001    0.001 <string>:2(<module>)
        1    0.000    0.000    0.000    0.000 <string>:6(Chebyshev)
        1    0.000    0.000    0.000    0.000 <string>:6(Hermite)
        1    0.000    0.000    0.000    0.000 <string>:6(HermiteE)
        1    0.000    0.000    0.000    0.000 <string>:6(Laguerre)
        1    0.000    0.000    0.000    0.000 <string>:6(Legendre)
        1    0.000    0.000    0.000    0.000 <string>:6(Polynomial)
        1    0.004    0.004    0.021    0.021 Queue.py:1(<module>)
        1    0.000    0.000    0.000    0.000 Queue.py:13(Empty)
        1    0.000    0.000    0.000    0.000 Queue.py:17(Full)
        1    0.000    0.000    0.000    0.000 Queue.py:21(Queue)
        1    0.000    0.000    0.000    0.000 Queue.py:212(PriorityQueue)
        1    0.000    0.000    0.000    0.000 Queue.py:231(LifoQueue)
        1    0.000    0.000    0.000    0.000 StringIO.py:30(<module>)
        1    0.000    0.000    0.000    0.000 StringIO.py:42(StringIO)
        1    0.000    0.000    0.000    0.000 __config__.py:3(<module>)
        1    0.000    0.000    0.000    0.000 __future__.py:48(<module>)
        1    0.000    0.000    0.000    0.000 __future__.py:74(_Feature)
        7    0.000    0.000    0.000    0.000 __future__.py:75(__init__)
        2    0.010    0.005    0.140    0.070 __init__.py:1(<module>)
        1    0.002    0.002    0.002    0.002 __init__.py:10(<module>)
        3    0.000    0.000    0.000    0.000 __init__.py:104(CFunctionType)
        1    0.014    0.014    0.307    0.307 __init__.py:106(<module>)
       14    0.000    0.000    0.000    0.000 __init__.py:147(_check_size)
        1    0.007    0.007    0.090    0.090 __init__.py:15(<module>)
        1    0.000    0.000    0.000    0.000 __init__.py:152(WorkerQueue)
        1    0.000    0.000    0.000    0.000 __init__.py:159(py_object)
        1    0.000    0.000    0.000    0.000 __init__.py:168(c_short)
        1    0.000    0.000    0.000    0.000 __init__.py:172(c_ushort)
        1    0.000    0.000    0.000    0.000 __init__.py:176(c_long)
        1    0.000    0.000    0.000    0.000 __init__.py:180(c_ulong)
        1    0.000    0.000    0.000    0.000 __init__.py:197(c_float)
        2    0.021    0.010    0.089    0.044 __init__.py:2(<module>)
        1    0.000    0.000    0.000    0.000 __init__.py:201(c_double)
        1    0.000    0.000    0.000    0.000 __init__.py:205(c_longdouble)
        1    0.000    0.000    0.000    0.000 __init__.py:210(FuncResult)
        1    0.000    0.000    0.000    0.000 __init__.py:215(c_longlong)
        1    0.000    0.000    0.000    0.000 __init__.py:219(c_ulonglong)
        1    0.000    0.000    0.000    0.000 __init__.py:226(c_ubyte)
        1    0.000    0.000    0.000    0.000 __init__.py:233(c_byte)
        1    0.000    0.000    0.000    0.000 __init__.py:238(c_char)
        1    0.000    0.000    0.000    0.000 __init__.py:243(c_char_p)
        1    0.060    0.060    0.416    0.416 __init__.py:25(<module>)
        1    0.000    0.000    0.000    0.000 __init__.py:255(c_void_p)
        1    0.000    0.000    0.000    0.000 __init__.py:260(c_bool)
        1    0.000    0.000    0.000    0.000 __init__.py:275(c_wchar_p)
        1    0.000    0.000    0.000    0.000 __init__.py:278(c_wchar)
        1    0.000    0.000    0.000    0.000 __init__.py:320(CDLL)
        2    0.000    0.000    0.000    0.000 __init__.py:337(__init__)
        2    0.000    0.000    0.000    0.000 __init__.py:347(_FuncPtr)
        1    0.000    0.000    0.000    0.000 __init__.py:363(__getattr__)
        1    0.000    0.000    0.000    0.000 __init__.py:370(__getitem__)
        1    0.000    0.000    0.000    0.000 __init__.py:376(PyDLL)
        1    0.005    0.005    0.014    0.014 __init__.py:38(<module>)
        1    0.000    0.000    0.000    0.000 __init__.py:385(WinDLL)
        1    0.000    0.000    0.000    0.000 __init__.py:394(HRESULT)
        1    0.013    0.013    0.015    0.015 __init__.py:4(<module>)
        1    0.000    0.000    0.000    0.000 __init__.py:407(OleDLL)
        1    0.000    0.000    0.000    0.000 __init__.py:416(LibraryLoader)
        4    0.000    0.000    0.000    0.000 __init__.py:417(__init__)
        1    0.000    0.000    0.000    0.000 __init__.py:420(__getattr__)
        1    0.002    0.002    0.003    0.003 __init__.py:44(<module>)
        1    0.007    0.007    0.034    0.034 __init__.py:45(<module>)
        1    0.000    0.000    0.000    0.000 __init__.py:46(MissingModule)
        3    0.000    0.000    0.000    0.000 __init__.py:483(PYFUNCTYPE)
        3    0.000    0.000    0.000    0.000 __init__.py:484(CFunctionType)
        1    0.006    0.006    0.044    0.044 __init__.py:6(<module>)
        3    0.000    0.000    0.000    0.000 __init__.py:78(CFUNCTYPE)
        1    0.004    0.004    0.004    0.004 __init__.py:84(<module>)
        2    0.005    0.003    0.026    0.013 __init__.py:9(<module>)
        1    0.000    0.000    0.000    0.000 _datasource.py:148(DataSource)
        1    0.005    0.005    0.017    0.017 _datasource.py:33(<module>)
        1    0.000    0.000    0.000    0.000 _datasource.py:47(_FileOpeners)
        1    0.000    0.000    0.000    0.000 _datasource.py:482(Repository)
        1    0.000    0.000    0.000    0.000 _datasource.py:70(__init__)
        1    0.000    0.000    0.000    0.000 _endian.py:22(_swapped_meta)
        1    0.001    0.001    0.001    0.001 _endian.py:4(<module>)
        1    0.000    0.000    0.000    0.000 _endian.py:45(BigEndianStructure)
        1    0.001    0.001    0.001    0.001 _import_tools.py:1(<module>)
        1    0.000    0.000    0.000    0.000 _import_tools.py:334(PackageLoaderDebug)
        1    0.000    0.000    0.000    0.000 _import_tools.py:6(PackageLoader)
       40    0.000    0.000    0.001    0.000 _inspect.py:118(getargspec)
       40    0.000    0.000    0.000    0.000 _inspect.py:13(ismethod)
       74    0.000    0.000    0.000    0.000 _inspect.py:150(strseq)
       31    0.000    0.000    0.001    0.000 _inspect.py:157(formatargspec)
        3    0.000    0.000    0.000    0.000 _inspect.py:159(<lambda>)
        1    0.000    0.000    0.000    0.000 _inspect.py:160(<lambda>)
       43    0.000    0.000    0.000    0.000 _inspect.py:161(<lambda>)
       40    0.000    0.000    0.000    0.000 _inspect.py:24(isfunction)
       31    0.000    0.000    0.000    0.000 _inspect.py:37(iscode)
       31    0.000    0.000    0.001    0.000 _inspect.py:59(getargs)
        1    0.000    0.000    0.000    0.000 _inspect.py:6(<module>)
        1    0.001    0.001    0.001    0.001 _internal.py:239(_getintp_ctype)
        1    0.000    0.000    0.000    0.000 _internal.py:260(_missing_ctypes)
        1    0.000    0.000    0.000    0.000 _internal.py:267(_ctypes)
        1    0.002    0.002    0.011    0.011 _internal.py:4(<module>)
        1    0.001    0.001    0.001    0.001 _iotools.py:1(<module>)
        1    0.000    0.000    0.000    0.000 _iotools.py:145(LineSplitter)
        1    0.000    0.000    0.000    0.000 _iotools.py:231(NameValidator)
        1    0.000    0.000    0.000    0.000 _iotools.py:423(ConverterError)
        1    0.000    0.000    0.000    0.000 _iotools.py:430(ConverterLockError)
        1    0.000    0.000    0.000    0.000 _iotools.py:437(ConversionWarning)
        1    0.000    0.000    0.000    0.000 _iotools.py:451(StringConverter)
        1    0.000    0.000    0.000    0.000 _numpysndarray.py:34(<module>)
        1    0.005    0.005    0.313    0.313 _numpysurfarray.py:45(<module>)
        1    0.002    0.002    0.157    0.157 add_newdocs.py:9(<module>)
        1    0.000    0.000    0.000    0.000 arrayprint.py:387(FloatFormat)
        1    0.001    0.001    0.001    0.001 arrayprint.py:4(<module>)
        1    0.000    0.000    0.000    0.000 arrayprint.py:499(LongFloatFormat)
        1    0.000    0.000    0.000    0.000 arrayprint.py:529(LongComplexFormat)
        1    0.000    0.000    0.000    0.000 arrayprint.py:540(ComplexFormat)
        1    0.001    0.001    0.003    0.003 arraysetops.py:25(<module>)
        1    0.000    0.000    0.000    0.000 arrayterator.py:21(Arrayterator)
        1    0.001    0.001    0.001    0.001 arrayterator.py:9(<module>)
        1    0.000    0.000    0.000    0.000 atexit.py:37(register)
        1    0.000    0.000    0.000    0.000 atexit.py:6(<module>)
        1    0.000    0.000    0.000    0.000 bisect.py:1(<module>)
        1    0.010    0.010    0.012    0.012 case.py:1(<module>)
        1    0.000    0.000    0.000    0.000 case.py:1012(FunctionTestCase)
        1    0.000    0.000    0.000    0.000 case.py:132(TestCase)
        1    0.000    0.000    0.000    0.000 case.py:24(SkipTest)
        1    0.000    0.000    0.000    0.000 case.py:33(_ExpectedFailure)
        1    0.000    0.000    0.000    0.000 case.py:44(_UnexpectedSuccess)
        7    0.000    0.000    0.000    0.000 case.py:603(_deprecate)
        1    0.000    0.000    0.000    0.000 case.py:97(_AssertRaisesContext)
        1    0.009    0.009    0.011    0.011 chebyshev.py:78(<module>)
        1    0.008    0.008    0.011    0.011 collections.py:1(<module>)
        2    0.002    0.001    0.003    0.001 collections.py:237(namedtuple)
        1    0.000    0.000    0.000    0.000 collections.py:25(OrderedDict)
       46    0.000    0.000    0.000    0.000 collections.py:277(<genexpr>)
        8    0.000    0.000    0.000    0.000 collections.py:294(<genexpr>)
        1    0.000    0.000    0.000    0.000 collections.py:355(Counter)
        1    0.000    0.000    0.000    0.000 colordict.py:21(<module>)
        1    0.000    0.000    0.000    0.000 compat.py:1(<module>)
        1    0.000    0.000    0.000    0.000 compat.py:21(get_BytesIO)
        2    0.000    0.000    0.000    0.000 copy_reg.py:14(pickle)
        2    0.000    0.000    0.000    0.000 copy_reg.py:27(constructor)
        1    0.000    0.000    0.000    0.000 core.py:1027(_DomainedBinaryOperation)
        6    0.000    0.000    0.000    0.000 core.py:1047(__init__)
       40    0.000    0.000    0.002    0.000 core.py:106(get_object_signature)
        1    0.000    0.000    0.000    0.000 core.py:125(MAError)
        1    0.000    0.000    0.000    0.000 core.py:128(MaskError)
        1    0.002    0.002    0.007    0.007 core.py:21(<module>)
        1    0.000    0.000    0.000    0.000 core.py:2246(_MaskedPrintOption)
        1    0.000    0.000    0.000    0.000 core.py:2251(__init__)
        1    0.000    0.000    0.000    0.000 core.py:2395(_arraymethod)
        9    0.000    0.000    0.000    0.000 core.py:2424(__init__)
        9    0.000    0.000    0.000    0.000 core.py:2430(getdoc)
        4    0.000    0.000    0.000    0.000 core.py:2437(__get__)
        1    0.000    0.000    0.000    0.000 core.py:2465(MaskedIterator)
        1    0.000    0.000    0.000    0.000 core.py:2568(MaskedArray)
        1    0.000    0.000    0.000    0.000 core.py:5500(mvoid)
        1    0.000    0.000    0.000    0.000 core.py:5690(MaskedConstant)
        1    0.000    0.000    0.000    0.000 core.py:5696(__new__)
        1    0.000    0.000    0.000    0.000 core.py:5699(__array_finalize__)
        1    0.000    0.000    0.000    0.000 core.py:5794(_extrema_operation)
        1    0.000    0.000    0.000    0.000 core.py:5849(_minimum_operation)
        1    0.000    0.000    0.000    0.000 core.py:5851(__init__)
        1    0.000    0.000    0.000    0.000 core.py:5861(_maximum_operation)
        1    0.000    0.000    0.000    0.000 core.py:5863(__init__)
        1    0.000    0.000    0.000    0.000 core.py:5905(_frommethod)
       23    0.001    0.000    0.003    0.000 core.py:5915(__init__)
       23    0.001    0.000    0.003    0.000 core.py:5919(getdoc)
        1    0.000    0.000    0.000    0.000 core.py:7107(_convert2ma)
        8    0.000    0.000    0.000    0.000 core.py:7119(__init__)
        8    0.000    0.000    0.000    0.000 core.py:7124(getdoc)
        1    0.000    0.000    0.000    0.000 core.py:723(_DomainCheckInterval)
        3    0.000    0.000    0.000    0.000 core.py:731(__init__)
        1    0.000    0.000    0.000    0.000 core.py:745(_DomainTan)
        1    0.000    0.000    0.000    0.000 core.py:751(__init__)
        1    0.000    0.000    0.000    0.000 core.py:761(_DomainSafeDivide)
        6    0.000    0.000    0.000    0.000 core.py:763(__init__)
        1    0.000    0.000    0.000    0.000 core.py:776(_DomainGreater)
        3    0.000    0.000    0.000    0.000 core.py:778(__init__)
        1    0.000    0.000    0.000    0.000 core.py:788(_DomainGreaterEqual)
        2    0.000    0.000    0.000    0.000 core.py:790(__init__)
        1    0.000    0.000    0.000    0.000 core.py:799(_MaskedUnaryOperation)
       26    0.000    0.000    0.000    0.000 core.py:816(__init__)
        1    0.000    0.000    0.000    0.000 core.py:881(_MaskedBinaryOperation)
        4    0.000    0.000    0.000    0.000 core.py:89(doc_note)
       18    0.000    0.000    0.000    0.000 core.py:900(__init__)
        1    0.000    0.000    0.000    0.000 ctypeslib.py:153(_ndptr)
       12    0.000    0.000    0.000    0.000 ctypeslib.py:306(prep_simple)
        1    0.007    0.007    0.023    0.023 ctypeslib.py:51(<module>)
        1    0.000    0.000    0.000    0.000 cursors.py:32(<module>)
        1    0.003    0.003    0.005    0.005 decorators.py:15(<module>)
        1    0.000    0.000    0.000    0.000 defchararray.py:1695(chararray)
        1    0.000    0.000    0.000    0.000 defchararray.py:17(<module>)
        1    0.001    0.001    0.001    0.001 defmatrix.py:1(<module>)
        1    0.000    0.000    0.000    0.000 defmatrix.py:195(matrix)
        1    0.000    0.000    0.000    0.000 dep_util.py:5(<module>)
        1    0.000    0.000    0.000    0.000 difflib.py:1672(HtmlDiff)
        1    0.000    0.000    0.002    0.002 difflib.py:29(<module>)
        1    0.000    0.000    0.000    0.000 difflib.py:46(SequenceMatcher)
        1    0.000    0.000    0.000    0.000 difflib.py:766(Differ)
        1    0.000    0.000    0.000    0.000 errors.py:13(DistutilsError)
        1    0.000    0.000    0.000    0.000 errors.py:16(DistutilsModuleError)
        1    0.000    0.000    0.000    0.000 errors.py:20(DistutilsClassError)
        1    0.000    0.000    0.000    0.000 errors.py:26(DistutilsGetoptError)
        1    0.000    0.000    0.000    0.000 errors.py:29(DistutilsArgError)
        1    0.000    0.000    0.000    0.000 errors.py:33(DistutilsFileError)
        1    0.000    0.000    0.000    0.000 errors.py:38(DistutilsOptionError)
        1    0.000    0.000    0.000    0.000 errors.py:46(DistutilsSetupError)
        1    0.000    0.000    0.000    0.000 errors.py:50(DistutilsPlatformError)
        1    0.000    0.000    0.000    0.000 errors.py:55(DistutilsExecError)
        1    0.000    0.000    0.000    0.000 errors.py:59(DistutilsInternalError)
        1    0.000    0.000    0.000    0.000 errors.py:63(DistutilsTemplateError)
        1    0.000    0.000    0.000    0.000 errors.py:66(DistutilsByteCompileError)
        1    0.000    0.000    0.000    0.000 errors.py:70(CCompilerError)
        1    0.000    0.000    0.000    0.000 errors.py:73(PreprocessError)
        1    0.000    0.000    0.000    0.000 errors.py:76(CompileError)
        1    0.000    0.000    0.000    0.000 errors.py:79(LibError)
        1    0.000    0.000    0.000    0.000 errors.py:83(LinkError)
        1    0.000    0.000    0.000    0.000 errors.py:87(UnknownFileError)
        1    0.001    0.001    0.001    0.001 errors.py:9(<module>)
        1    0.000    0.000    0.001    0.001 extras.py:10(<module>)
        1    0.000    0.000    0.000    0.000 extras.py:1415(MAxisConcatenator)
        1    0.000    0.000    0.000    0.000 extras.py:1427(__init__)
        1    0.000    0.000    0.000    0.000 extras.py:1481(mr_class)
        1    0.000    0.000    0.000    0.000 extras.py:1497(__init__)
        1    0.000    0.000    0.000    0.000 extras.py:222(_fromnxfunction)
        9    0.000    0.000    0.000    0.000 extras.py:239(__init__)
        9    0.000    0.000    0.000    0.000 extras.py:243(getdoc)
        1    0.001    0.001    0.001    0.001 fftpack.py:32(<module>)
        1    0.000    0.000    0.000    0.000 financial.py:8(<module>)
        1    0.000    0.000    0.000    0.000 fnmatch.py:11(<module>)
        1    0.000    0.000    0.000    0.000 format.py:136(<module>)
        1    0.000    0.000    0.000    0.000 fromnumeric.py:2(<module>)
        2    0.003    0.002    0.006    0.003 function_base.py:1(<module>)
        1    0.000    0.000    0.000    0.000 function_base.py:1753(vectorize)
      262    0.015    0.000    0.019    0.000 function_base.py:3178(add_newdoc)
        3    0.000    0.000    0.000    0.000 functools.py:17(update_wrapper)
        3    0.000    0.000    0.000    0.000 functools.py:39(wraps)
       13    0.000    0.000    0.001    0.000 genericpath.py:15(exists)
       82    0.000    0.000    0.010    0.000 genericpath.py:38(isdir)
       56    0.000    0.000    0.001    0.000 genericpath.py:85(_splitext)
        1    0.000    0.000    0.000    0.000 getlimits.py:184(iinfo)
        1    0.000    0.000    0.000    0.000 getlimits.py:2(<module>)
        1    0.000    0.000    0.000    0.000 getlimits.py:22(finfo)
        2    0.000    0.000    0.000    0.000 getlimits.py:234(__init__)
        2    0.000    0.000    0.000    0.000 getlimits.py:259(max)
        1    0.004    0.004    0.004    0.004 hashlib.py:55(<module>)
        6    0.000    0.000    0.000    0.000 hashlib.py:94(__get_openssl_constructor)
        1    0.004    0.004    0.004    0.004 heapq.py:31(<module>)
        1    0.000    0.000    0.000    0.000 helper.py:3(<module>)
        1    0.013    0.013    0.015    0.015 hermite.py:50(<module>)
        1    0.010    0.010    0.012    0.012 hermite_e.py:50(<module>)
        1    0.004    0.004    0.012    0.012 index_tricks.py:1(<module>)
        2    0.000    0.000    0.000    0.000 index_tricks.py:142(__init__)
        1    0.000    0.000    0.000    0.000 index_tricks.py:210(AxisConcatenator)
        3    0.000    0.000    0.000    0.000 index_tricks.py:228(__init__)
        1    0.000    0.000    0.000    0.000 index_tricks.py:337(RClass)
        1    0.000    0.000    0.000    0.000 index_tricks.py:431(__init__)
        1    0.000    0.000    0.000    0.000 index_tricks.py:436(CClass)
        1    0.000    0.000    0.000    0.000 index_tricks.py:453(__init__)
        1    0.000    0.000    0.000    0.000 index_tricks.py:458(ndenumerate)
        1    0.000    0.000    0.000    0.000 index_tricks.py:505(ndindex)
        1    0.000    0.000    0.000    0.000 index_tricks.py:600(IndexExpression)
        2    0.000    0.000    0.000    0.000 index_tricks.py:643(__init__)
        1    0.000    0.000    0.000    0.000 index_tricks.py:82(nd_grid)
        1    0.000    0.000    0.000    0.000 info.py:147(<module>)
        1    0.000    0.000    0.000    0.000 info.py:171(<module>)
        1    0.000    0.000    0.000    0.000 info.py:34(<module>)
        1    0.000    0.000    0.000    0.000 info.py:83(<module>)
        1    0.000    0.000    0.000    0.000 info.py:84(<module>)
        1    0.000    0.000    0.000    0.000 keyword.py:11(<module>)
        1    0.014    0.014    0.017    0.017 laguerre.py:50(<module>)
        1    0.009    0.009    0.011    0.011 legendre.py:51(<module>)
        1    0.001    0.001    0.001    0.001 linalg.py:10(<module>)
        1    0.000    0.000    0.000    0.000 linalg.py:37(LinAlgError)
        1    0.004    0.004    0.005    0.005 loader.py:1(<module>)
        1    0.000    0.000    0.000    0.000 loader.py:38(TestLoader)
        1    0.000    0.000    0.000    0.000 log.py:1(<module>)
        1    0.000    0.000    0.000    0.000 log.py:14(Log)
        1    0.000    0.000    0.000    0.000 log.py:16(__init__)
        1    0.000    0.000    0.000    0.000 machar.py:15(MachAr)
        1    0.000    0.000    0.000    0.000 machar.py:4(<module>)
        1    0.001    0.001    0.003    0.003 main.py:1(<module>)
        1    0.000    0.000    0.000    0.000 main.py:63(TestProgram)
        1    0.000    0.000    0.000    0.000 memmap.py:1(<module>)
        1    0.000    0.000    0.000    0.000 memmap.py:20(memmap)
        1    0.000    0.000    0.000    0.000 nosetester.py:109(NoseTester)
       19    0.000    0.000    0.001    0.000 nosetester.py:138(__init__)
        1    0.000    0.000    0.000    0.000 nosetester.py:6(<module>)
        3    0.000    0.000    0.000    0.000 nosetester.py:82(_docmethod)
        1    0.004    0.004    0.022    0.022 npyio.py:1(<module>)
        1    0.000    0.000    0.000    0.000 npyio.py:123(NpzFile)
        1    0.000    0.000    0.000    0.000 npyio.py:80(BagObj)
      186    0.000    0.000    0.000    0.000 ntpath.py:122(splitdrive)
       79    0.001    0.000    0.001    0.000 ntpath.py:164(split)
       56    0.000    0.000    0.001    0.000 ntpath.py:189(splitext)
       20    0.000    0.000    0.000    0.000 ntpath.py:196(basename)
       49    0.000    0.000    0.001    0.000 ntpath.py:203(dirname)
       37    0.001    0.000    0.001    0.000 ntpath.py:398(normpath)
       37    0.000    0.000    0.000    0.000 ntpath.py:42(normcase)
       37    0.000    0.000    0.002    0.000 ntpath.py:466(abspath)
       70    0.000    0.000    0.000    0.000 ntpath.py:55(isabs)
       70    0.000    0.000    0.001    0.000 ntpath.py:63(join)
        1    0.004    0.004    0.005    0.005 numeric.py:1(<module>)
        3    0.000    0.000    0.000    0.000 numeric.py:122(extend_all)
        2    0.000    0.000    0.000    0.000 numeric.py:1381(set_string_function)
        1    0.000    0.000    0.000    0.000 numeric.py:2333(_unspecified)
        1    0.000    0.000    0.000    0.000 numeric.py:2337(errstate)
        1    0.000    0.000    0.000    0.000 numeric.py:2411(_setdef)
        1    0.000    0.000    0.000    0.000 numeric.py:36(ComplexWarning)
       74    0.000    0.000    0.000    0.000 numerictypes.py:130(english_lower)
       40    0.000    0.000    0.000    0.000 numerictypes.py:157(english_upper)
       14    0.000    0.000    0.000    0.000 numerictypes.py:184(english_capitalize)
       21    0.000    0.000    0.000    0.000 numerictypes.py:219(_evalname)
       26    0.000    0.000    0.001    0.000 numerictypes.py:232(bitname)
        1    0.000    0.000    0.000    0.000 numerictypes.py:284(_add_types)
        1    0.000    0.000    0.001    0.001 numerictypes.py:300(_add_aliases)
        1    0.000    0.000    0.000    0.000 numerictypes.py:341(_add_integer_aliases)
        1    0.000    0.000    0.000    0.000 numerictypes.py:382(_set_up_aliases)
        1    0.000    0.000    0.000    0.000 numerictypes.py:433(_construct_char_code_lookup)
       30    0.000    0.000    0.000    0.000 numerictypes.py:448(_add_array_type)
        1    0.000    0.000    0.000    0.000 numerictypes.py:456(_set_array_types)
        1    0.000    0.000    0.000    0.000 numerictypes.py:770(_typedict)
        1    0.000    0.000    0.000    0.000 numerictypes.py:785(_construct_lookups)
        1    0.001    0.001    0.004    0.004 numerictypes.py:88(<module>)
        1    0.000    0.000    0.000    0.000 numpytest.py:1(<module>)
        1    0.000    0.000    0.000    0.000 numpytest.py:10(IgnoreException)
        1    0.000    0.000    0.000    0.000 os.py:442(__contains__)
        1    0.000    0.000    0.000    0.000 os.py:444(get)
       56    0.000    0.000    0.002    0.000 pkg_resources.py:1108(safe_name)
       56    0.000    0.000    0.001    0.000 pkg_resources.py:1116(safe_version)
        1    0.000    0.000    0.000    0.000 pkg_resources.py:1149(NullProvider)
        2    0.000    0.000    0.000    0.000 pkg_resources.py:1156(__init__)
        1    0.000    0.000    0.000    0.000 pkg_resources.py:1169(has_resource)
       12    0.000    0.000    0.001    0.000 pkg_resources.py:1172(has_metadata)
       14    0.000    0.000    0.000    0.000 pkg_resources.py:1231(_fn)
        1    0.000    0.000    0.000    0.000 pkg_resources.py:1246(EggProvider)
        2    0.000    0.000    0.000    0.000 pkg_resources.py:1249(__init__)
        2    0.000    0.000    0.000    0.000 pkg_resources.py:1253(_setup_prefix)
        1    0.000    0.000    0.000    0.000 pkg_resources.py:1272(DefaultProvider)
       13    0.000    0.000    0.001    0.000 pkg_resources.py:1275(_has)
        1    0.000    0.000    0.000    0.000 pkg_resources.py:1284(get_resource_stream)
        1    0.000    0.000    0.000    0.000 pkg_resources.py:1297(EmptyProvider)
        1    0.000    0.000    0.000    0.000 pkg_resources.py:1305(__init__)
        1    0.000    0.000    0.000    0.000 pkg_resources.py:1313(ZipProvider)
        1    0.001    0.001    0.070    0.070 pkg_resources.py:14(<module>)
        1    0.000    0.000    0.000    0.000 pkg_resources.py:1477(FileMetadata)
       32    0.000    0.000    0.000    0.000 pkg_resources.py:1489(__init__)
       16    0.000    0.000    0.000    0.000 pkg_resources.py:1492(has_metadata)
        1    0.000    0.000    0.000    0.000 pkg_resources.py:1518(PathMetadata)
       24    0.000    0.000    0.000    0.000 pkg_resources.py:1538(__init__)
        1    0.000    0.000    0.000    0.000 pkg_resources.py:1543(EggMetadata)
        1    0.000    0.000    0.000    0.000 pkg_resources.py:1559(ImpWrapper)
        1    0.000    0.000    0.000    0.000 pkg_resources.py:1580(ImpLoader)
        3    0.000    0.000    0.000    0.000 pkg_resources.py:1643(register_finder)
        1    0.000    0.000    0.000    0.000 pkg_resources.py:165(ResolutionError)
       52    0.000    0.000    0.004    0.000 pkg_resources.py:1653(find_distributions)
        6    0.000    0.000    0.000    0.000 pkg_resources.py:1682(find_nothing)
      102    0.004    0.000    0.037    0.000 pkg_resources.py:1686(find_on_path)
        1    0.000    0.000    0.000    0.000 pkg_resources.py:169(VersionConflict)
        1    0.000    0.000    0.000    0.000 pkg_resources.py:172(DistributionNotFound)
        3    0.000    0.000    0.000    0.000 pkg_resources.py:1726(register_namespace_handler)
        1    0.000    0.000    0.000    0.000 pkg_resources.py:175(UnknownExtra)
       28    0.000    0.000    0.000    0.000 pkg_resources.py:1795(fixup_namespace_packages)
       37    0.000    0.000    0.002    0.000 pkg_resources.py:1827(normalize_path)
      766    0.001    0.000    0.002    0.000 pkg_resources.py:1831(_normalize_cached)
        3    0.000    0.000    0.000    0.000 pkg_resources.py:185(register_loader_type)
        1    0.000    0.000    0.000    0.000 pkg_resources.py:1929(EntryPoint)
        2    0.000    0.000    0.000    0.000 pkg_resources.py:194(get_provider)
        1    0.000    0.000    0.000    0.000 pkg_resources.py:2052(Distribution)
       56    0.001    0.000    0.003    0.000 pkg_resources.py:2054(__init__)
       56    0.001    0.000    0.006    0.000 pkg_resources.py:2068(from_location)
      196    0.001    0.000    0.001    0.000 pkg_resources.py:2098(key)
        1    0.005    0.005    0.010    0.010 pkg_resources.py:215(get_build_platform)
       28    0.000    0.000    0.002    0.000 pkg_resources.py:2161(_get_metadata)
       28    0.000    0.000    0.004    0.000 pkg_resources.py:2166(activate)
       84    0.000    0.000    0.000    0.000 pkg_resources.py:2198(__getattr__)
       20    0.000    0.000    0.004    0.000 pkg_resources.py:2205(from_filename)
       28    0.001    0.000    0.002    0.000 pkg_resources.py:2257(insert_on)
        1    0.000    0.000    0.000    0.000 pkg_resources.py:2462(Requirement)
       54    0.003    0.000    0.003    0.000 pkg_resources.py:2530(_get_mro)
       46    0.000    0.000    0.000    0.000 pkg_resources.py:2533(cls)
       54    0.000    0.000    0.003    0.000 pkg_resources.py:2537(_find_adapter)
        1    0.000    0.000    0.000    0.000 pkg_resources.py:2587(_initialize)
       28    0.000    0.000    0.005    0.000 pkg_resources.py:2623(<lambda>)
        1    0.000    0.000    0.000    0.000 pkg_resources.py:329(IMetadataProvider)
        1    0.000    0.000    0.000    0.000 pkg_resources.py:370(IResourceProvider)
        1    0.000    0.000    0.000    0.000 pkg_resources.py:411(WorkingSet)
        1    0.000    0.000    0.024    0.024 pkg_resources.py:414(__init__)
       52    0.001    0.000    0.044    0.001 pkg_resources.py:428(add_entry)
        4    0.000    0.000    0.000    0.000 pkg_resources.py:44(_declare_state)
       29    0.000    0.000    0.000    0.000 pkg_resources.py:493(__iter__)
       56    0.001    0.000    0.002    0.000 pkg_resources.py:506(add)
        1    0.000    0.000    0.005    0.005 pkg_resources.py:673(subscribe)
       28    0.000    0.000    0.000    0.000 pkg_resources.py:681(_added_new)
        1    0.000    0.000    0.010    0.010 pkg_resources.py:698(Environment)
        1    0.000    0.000    0.010    0.010 pkg_resources.py:83(get_supported_platform)
        1    0.000    0.000    0.000    0.000 pkg_resources.py:844(ExtractionError)
        1    0.000    0.000    0.000    0.000 pkg_resources.py:862(ResourceManager)
        1    0.000    0.000    0.000    0.000 pkg_resources.py:866(__init__)
        1    0.000    0.000    0.000    0.000 pkg_resources.py:869(resource_exists)
        1    0.000    0.000    0.000    0.000 pkg_resources.py:885(resource_stream)
        1    0.014    0.014    0.084    0.084 pkgdata.py:18(<module>)
        1    0.000    0.000    0.001    0.001 pkgdata.py:34(getResource)
       46    0.000    0.000    0.000    0.000 pkgutil.py:173(__init__)
       52    0.000    0.000    0.000    0.000 pkgutil.py:358(get_importer)
        1    0.000    0.000    0.000    0.000 polynomial.py:19(RankWarning)
        1    0.002    0.002    0.006    0.006 polynomial.py:3(<module>)
        1    0.012    0.012    0.015    0.015 polynomial.py:48(<module>)
        1    0.000    0.000    0.000    0.000 polynomial.py:899(poly1d)
        1    0.000    0.000    0.000    0.000 polytemplate.py:11(<module>)
        1    0.001    0.001    0.001    0.001 polyutils.py:33(<module>)
        1    0.000    0.000    0.000    0.000 polyutils.py:48(RankWarning)
        1    0.000    0.000    0.000    0.000 polyutils.py:52(PolyError)
        1    0.000    0.000    0.000    0.000 polyutils.py:56(PolyDomainError)
        1    0.000    0.000    0.000    0.000 polyutils.py:69(PolyBase)
        1    0.000    0.000    0.000    0.000 pprint.py:35(<module>)
        1    0.000    0.000    0.000    0.000 pprint.py:81(PrettyPrinter)
        1    0.000    0.000    0.000    0.000 py3k.py:4(<module>)
        2    0.000    0.000    0.013    0.007 random.py:100(seed)
    22775    0.099    0.000    0.104    0.000 random.py:173(randrange)
    22775    0.028    0.000    0.132    0.000 random.py:237(randint)
        1    0.007    0.007    0.025    0.025 random.py:40(<module>)
        1    0.000    0.000    0.000    0.000 random.py:653(WichmannHill)
        1    0.000    0.000    0.000    0.000 random.py:72(Random)
        1    0.000    0.000    0.000    0.000 random.py:803(SystemRandom)
        1    0.000    0.000    0.013    0.013 random.py:91(__init__)
      112    0.000    0.000    0.002    0.000 re.py:144(sub)
       20    0.000    0.000    0.020    0.001 re.py:188(compile)
      132    0.001    0.000    0.021    0.000 re.py:228(_compile)
        1    0.000    0.000    0.000    0.000 records.py:214(record)
        1    0.000    0.000    0.000    0.000 records.py:284(recarray)
        1    0.000    0.000    0.000    0.000 records.py:36(<module>)
        1    0.000    0.000    0.000    0.000 records.py:83(format_parser)
        1    0.005    0.005    0.007    0.007 result.py:1(<module>)
        3    0.000    0.000    0.000    0.000 result.py:14(failfast)
        1    0.000    0.000    0.000    0.000 result.py:26(TestResult)
        1    0.001    0.001    0.002    0.002 runner.py:1(<module>)
        1    0.000    0.000    0.000    0.000 runner.py:119(TextTestRunner)
        1    0.000    0.000    0.000    0.000 runner.py:12(_WritelnDecorator)
        1    0.000    0.000    0.000    0.000 runner.py:28(TextTestResult)
        1    0.000    0.000    0.000    0.000 scimath.py:17(<module>)
        1    0.000    0.000    0.554    0.554 semifractal.py:108(__call__)
        1    0.000    0.000    0.000    0.000 semifractal.py:112(Grid)
        1    0.060    0.060    0.060    0.060 semifractal.py:114(__init__)
        1    0.000    0.000    0.000    0.000 semifractal.py:12(Rules)
    91076    0.049    0.000    0.049    0.000 semifractal.py:127(set)
        1    0.000    0.000    0.000    0.000 semifractal.py:130(PygameRenderer)
        1    0.000    0.000    0.677    0.677 semifractal.py:133(__init__)
        1    0.000    0.000    0.677    0.677 semifractal.py:147(_configure_pygame)
        1    0.000    0.000    0.000    0.000 semifractal.py:152(_configure_graphics)
        1    0.186    0.186    0.271    0.271 semifractal.py:156(render)
        1    0.000    0.000    0.342    0.342 semifractal.py:192(quit)
        1    0.000    0.000    0.000    0.000 semifractal.py:196(AsciiRenderer)
        1    0.000    0.000    1.845    1.845 semifractal.py:249(profiling_test)
    65535    0.084    0.000    0.216    0.000 semifractal.py:29(rule150randomized)
        1    0.000    0.000    0.000    0.000 semifractal.py:38(Generator)
        1    0.000    0.000    0.000    0.000 semifractal.py:41(__init__)
        1    0.000    0.000    0.000    0.000 semifractal.py:45(_generate_seed)
      255    0.082    0.000    0.347    0.001 semifractal.py:57(_calculate_row)
    65790    0.046    0.000    0.049    0.000 semifractal.py:59(_above)
        1    0.010    0.010    2.296    2.296 semifractal.py:6(<module>)
      257    0.001    0.000    0.347    0.001 semifractal.py:68(generate)
        1    0.098    0.098    0.554    0.554 semifractal.py:81(create_grid)
        2    0.000    0.000    0.000    0.000 shape_base.py:1(<module>)
        1    0.000    0.000    0.000    0.000 shutil.py:30(Error)
        1    0.000    0.000    0.000    0.000 shutil.py:33(SpecialFileError)
        1    0.000    0.000    0.000    0.000 shutil.py:37(ExecError)
        1    0.012    0.012    0.012    0.012 shutil.py:5(<module>)
        1    0.001    0.001    0.001    0.001 signals.py:1(<module>)
        1    0.000    0.000    0.000    0.000 signals.py:9(_InterruptHandler)
        1    0.001    0.001    0.006    0.006 sndarray.py:58(<module>)
        1    0.001    0.001    0.001    0.001 spawn.py:7(<module>)
        1    0.000    0.000    0.000    0.000 sprite.py:106(Sprite)
        1    0.000    0.000    0.000    0.000 sprite.py:1213(GroupSingle)
        1    0.000    0.000    0.000    0.000 sprite.py:1292(collide_rect_ratio)
        1    0.000    0.000    0.000    0.000 sprite.py:1372(collide_circle_ratio)
        1    0.000    0.000    0.000    0.000 sprite.py:221(DirtySprite)
        1    0.000    0.000    0.000    0.000 sprite.py:284(AbstractGroup)
        1    0.000    0.000    0.000    0.000 sprite.py:531(Group)
        1    0.000    0.000    0.000    0.000 sprite.py:557(RenderUpdates)
        1    0.000    0.000    0.000    0.000 sprite.py:586(OrderedUpdates)
        1    0.000    0.000    0.000    0.000 sprite.py:613(LayeredUpdates)
        1    0.003    0.003    0.003    0.003 sprite.py:67(<module>)
        1    0.000    0.000    0.000    0.000 sprite.py:943(LayeredDirty)
       38    0.000    0.000    0.002    0.000 sre_compile.py:178(_compile_charset)
       38    0.001    0.000    0.002    0.000 sre_compile.py:207(_optimize_charset)
       52    0.000    0.000    0.000    0.000 sre_compile.py:24(_identityfunction)
        5    0.001    0.000    0.001    0.000 sre_compile.py:258(_mk_bitmap)
   148/21    0.003    0.000    0.006    0.000 sre_compile.py:32(_compile)
       60    0.000    0.000    0.000    0.000 sre_compile.py:354(_simple)
       21    0.000    0.000    0.003    0.000 sre_compile.py:361(_compile_info)
       42    0.000    0.000    0.000    0.000 sre_compile.py:474(isstring)
       21    0.000    0.000    0.009    0.000 sre_compile.py:480(_code)
       21    0.000    0.000    0.020    0.001 sre_compile.py:495(compile)
       15    0.000    0.000    0.000    0.000 sre_compile.py:51(fixup)
      278    0.000    0.000    0.000    0.000 sre_parse.py:126(__len__)
      572    0.001    0.000    0.001    0.000 sre_parse.py:130(__getitem__)
       60    0.000    0.000    0.000    0.000 sre_parse.py:134(__setitem__)
      220    0.000    0.000    0.000    0.000 sre_parse.py:138(append)
   208/81    0.002    0.000    0.002    0.000 sre_parse.py:140(getwidth)
       21    0.000    0.000    0.000    0.000 sre_parse.py:178(__init__)
      667    0.002    0.000    0.002    0.000 sre_parse.py:182(__next)
      341    0.000    0.000    0.001    0.000 sre_parse.py:195(match)
      530    0.001    0.000    0.002    0.000 sre_parse.py:201(get)
       68    0.000    0.000    0.000    0.000 sre_parse.py:210(isident)
        2    0.000    0.000    0.000    0.000 sre_parse.py:213(isdigit)
       13    0.000    0.000    0.000    0.000 sre_parse.py:216(isname)
       36    0.000    0.000    0.000    0.000 sre_parse.py:257(_escape)
    58/21    0.001    0.000    0.010    0.000 sre_parse.py:301(_parse_sub)
    82/21    0.004    0.000    0.010    0.000 sre_parse.py:379(_parse)
       21    0.000    0.000    0.011    0.001 sre_parse.py:663(parse)
       21    0.000    0.000    0.000    0.000 sre_parse.py:67(__init__)
       37    0.000    0.000    0.000    0.000 sre_parse.py:72(opengroup)
       37    0.000    0.000    0.000    0.000 sre_parse.py:83(closegroup)
      148    0.000    0.000    0.000    0.000 sre_parse.py:90(__init__)
       82    0.000    0.000    0.000    0.000 stat.py:24(S_IFMT)
       82    0.000    0.000    0.000    0.000 stat.py:40(S_ISDIR)
        1    0.000    0.000    0.000    0.000 stride_tricks.py:12(DummyArray)
        1    0.000    0.000    0.000    0.000 stride_tricks.py:7(<module>)
        1    0.000    0.000    0.000    0.000 string.py:131(__init__)
        6    0.000    0.000    0.012    0.002 string.py:148(substitute)
      558    0.001    0.000    0.002    0.000 string.py:158(convert)
        2    0.000    0.000    0.000    0.000 string.py:351(find)
        1    0.000    0.000    0.000    0.000 suite.py:1(<module>)
        1    0.000    0.000    0.000    0.000 suite.py:16(BaseTestSuite)
        1    0.000    0.000    0.000    0.000 suite.py:252(_ErrorHolder)
        1    0.000    0.000    0.000    0.000 suite.py:299(_DebugResult)
        1    0.000    0.000    0.000    0.000 suite.py:78(TestSuite)
        1    0.001    0.001    0.320    0.320 surfarray.py:61(<module>)
        1    0.000    0.000    0.000    0.000 sysfont.py:21(<module>)
        1    0.005    0.005    0.017    0.017 threading.py:1(<module>)
        1    0.000    0.000    0.000    0.000 threading.py:104(_RLock)
        2    0.000    0.000    0.000    0.000 threading.py:181(Condition)
        1    0.000    0.000    0.000    0.000 threading.py:184(_Condition)
        2    0.000    0.000    0.000    0.000 threading.py:186(__init__)
        1    0.000    0.000    0.000    0.000 threading.py:226(_is_owned)
        1    0.000    0.000    0.000    0.000 threading.py:277(notify)
        1    0.000    0.000    0.000    0.000 threading.py:295(notifyAll)
        1    0.000    0.000    0.000    0.000 threading.py:304(_Semaphore)
        1    0.000    0.000    0.000    0.000 threading.py:352(_BoundedSemaphore)
        1    0.000    0.000    0.000    0.000 threading.py:364(Event)
        1    0.000    0.000    0.000    0.000 threading.py:367(_Event)
        1    0.000    0.000    0.000    0.000 threading.py:371(__init__)
        1    0.000    0.000    0.000    0.000 threading.py:385(set)
        1    0.000    0.000    0.000    0.000 threading.py:424(Thread)
        1    0.000    0.000    0.000    0.000 threading.py:436(__init__)
        1    0.000    0.000    0.000    0.000 threading.py:531(_set_ident)
        1    0.000    0.000    0.000    0.000 threading.py:56(_Verbose)
        4    0.000    0.000    0.000    0.000 threading.py:58(__init__)
        1    0.000    0.000    0.000    0.000 threading.py:63(_note)
        1    0.000    0.000    0.000    0.000 threading.py:733(_Timer)
        1    0.000    0.000    0.000    0.000 threading.py:762(_MainThread)
        1    0.000    0.000    0.000    0.000 threading.py:764(__init__)
        1    0.000    0.000    0.000    0.000 threading.py:771(_set_daemon)
        1    0.000    0.000    0.000    0.000 threading.py:802(_DummyThread)
        1    0.000    0.000    0.000    0.000 twodim_base.py:3(<module>)
        1    0.002    0.002    0.086    0.086 type_check.py:3(<module>)
        1    0.000    0.000    0.000    0.000 ufunclike.py:4(<module>)
        1    0.000    0.000    0.002    0.002 util.py:1(<module>)
        1    0.000    0.000    0.000    0.000 util.py:16(get_platform)
        1    0.003    0.003    0.005    0.005 util.py:5(<module>)
        1    0.001    0.001    0.002    0.002 utils.py:1(<module>)
       55    0.000    0.000    0.000    0.000 utils.py:108(__init__)
       55    0.001    0.000    0.001    0.000 utils.py:113(__call__)
        1    0.000    0.000    0.000    0.000 utils.py:1353(WarningMessage)
        1    0.000    0.000    0.000    0.000 utils.py:1383(WarningManager)
       55    0.001    0.000    0.002    0.000 utils.py:157(deprecate)
        1    0.002    0.002    0.002    0.002 utils.py:3(<module>)
       55    0.000    0.000    0.000    0.000 utils.py:93(_set_function_name)
        1    0.000    0.000    0.000    0.000 utils.py:97(_Deprecate)
        1    0.000    0.000    0.000    0.000 utils.py:979(SafeEval)
        1    0.000    0.000    0.000    0.000 version.py:28(<module>)
        1    0.000    0.000    0.000    0.000 version.py:3(<module>)
        1    0.000    0.000    0.001    0.001 warnings.py:45(filterwarnings)
        1    0.000    0.000    0.000    0.000 warnings.py:74(simplefilter)
        1    0.000    0.000    0.000    0.000 weakref.py:243(__init__)
        1    0.000    0.000    0.000    0.000 {_ctypes.LoadLibrary}
        2    0.000    0.000    0.000    0.000 {_ctypes.POINTER}
        1    0.000    0.000    0.000    0.000 {_ctypes.set_conversion_mode}
       46    0.000    0.000    0.000    0.000 {_ctypes.sizeof}
        1    0.000    0.000    0.000    0.000 {_hashlib.openssl_md5}
        1    0.000    0.000    0.000    0.000 {_hashlib.openssl_sha1}
        1    0.000    0.000    0.000    0.000 {_hashlib.openssl_sha224}
        1    0.000    0.000    0.000    0.000 {_hashlib.openssl_sha256}
        1    0.000    0.000    0.000    0.000 {_hashlib.openssl_sha384}
        1    0.000    0.000    0.000    0.000 {_hashlib.openssl_sha512}
       21    0.000    0.000    0.000    0.000 {_sre.compile}
       40    0.000    0.000    0.000    0.000 {_sre.getlower}
       18    0.000    0.000    0.000    0.000 {_struct.calcsize}
        8    0.000    0.000    0.000    0.000 {all}
        1    0.000    0.000    0.000    0.000 {binascii.hexlify}
      256    0.000    0.000    0.000    0.000 {chr}
        2    0.000    0.000    0.000    0.000 {dir}
        1    0.000    0.000    0.000    0.000 {eval}
        2    0.000    0.000    0.000    0.000 {function seed at 0x024174F0}
      508    0.001    0.000    0.001    0.000 {getattr}
       81    0.000    0.000    0.000    0.000 {globals}
        6    0.000    0.000    0.000    0.000 {hasattr}
       28    0.000    0.000    0.000    0.000 {imp.acquire_lock}
        2    0.011    0.006    0.011    0.006 {imp.find_module}
       28    0.000    0.000    0.000    0.000 {imp.release_lock}
     1460    0.001    0.000    0.001    0.000 {isinstance}
       27    0.000    0.000    0.000    0.000 {issubclass}
2864/2785    0.001    0.000    0.001    0.000 {len}
        2    0.000    0.000    0.000    0.000 {locals}
       32    0.000    0.000    0.022    0.001 {map}
        1    0.000    0.000    0.000    0.000 {math.exp}
        2    0.000    0.000    0.000    0.000 {math.log}
        1    0.000    0.000    0.000    0.000 {math.sqrt}
       86    0.000    0.000    0.000    0.000 {max}
        8    0.000    0.000    0.000    0.000 {method '__contains__' of 'frozenset' objects}
        2    0.000    0.000    0.000    0.000 {method 'acquire' of 'thread.lock' objects}
        6    0.000    0.000    0.000    0.000 {method 'add' of 'set' objects}
     2973    0.001    0.000    0.001    0.000 {method 'append' of 'list' objects}
    90053    0.084    0.000    0.084    0.000 {method 'blit' of 'pygame.Surface' objects}
        1    0.000    0.000    0.000    0.000 {method 'disable' of '_lsprof.Profiler' objects}
     2222    0.001    0.000    0.001    0.000 {method 'endswith' of 'str' objects}
      535    0.001    0.000    0.001    0.000 {method 'extend' of 'list' objects}
        2    0.000    0.000    0.000    0.000 {method 'fill' of 'pygame.Surface' objects}
        2    0.000    0.000    0.000    0.000 {method 'find' of 'str' objects}
      261    0.000    0.000    0.000    0.000 {method 'get' of 'dict' objects}
      854    0.000    0.000    0.000    0.000 {method 'group' of '_sre.SRE_Match' objects}
       28    0.000    0.000    0.000    0.000 {method 'index' of 'list' objects}
        4    0.000    0.000    0.000    0.000 {method 'insert' of 'list' objects}
       38    0.000    0.000    0.000    0.000 {method 'isalnum' of 'str' objects}
        8    0.000    0.000    0.000    0.000 {method 'isdigit' of 'str' objects}
       22    0.000    0.000    0.000    0.000 {method 'items' of 'dict' objects}
        5    0.000    0.000    0.000    0.000 {method 'iteritems' of 'dict' objects}
       86    0.000    0.000    0.000    0.000 {method 'join' of 'str' objects}
       17    0.000    0.000    0.000    0.000 {method 'keys' of 'dict' objects}
     2372    0.001    0.000    0.001    0.000 {method 'lower' of 'str' objects}
       37    0.000    0.000    0.000    0.000 {method 'lstrip' of 'str' objects}
       57    0.000    0.000    0.000    0.000 {method 'match' of '_sre.SRE_Pattern' objects}
        6    0.000    0.000    0.000    0.000 {method 'pop' of 'dict' objects}
    22775    0.005    0.000    0.005    0.000 {method 'random' of '_random.Random' objects}
        1    0.000    0.000    0.000    0.000 {method 'release' of 'thread.lock' objects}
       37    0.000    0.000    0.000    0.000 {method 'remove' of 'list' objects}
      135    0.000    0.000    0.000    0.000 {method 'replace' of 'str' objects}
      168    0.000    0.000    0.000    0.000 {method 'rfind' of 'str' objects}
      164    0.000    0.000    0.000    0.000 {method 'setdefault' of 'dict' objects}
        2    0.000    0.000    0.000    0.000 {method 'setter' of 'property' objects}
       53    0.000    0.000    0.000    0.000 {method 'split' of 'str' objects}
      298    0.000    0.000    0.000    0.000 {method 'startswith' of 'str' objects}
      259    0.000    0.000    0.000    0.000 {method 'strip' of 'str' objects}
      118    0.011    0.000    0.013    0.000 {method 'sub' of '_sre.SRE_Pattern' objects}
      114    0.000    0.000    0.000    0.000 {method 'translate' of 'str' objects}
       60    0.000    0.000    0.000    0.000 {method 'update' of 'dict' objects}
        2    0.000    0.000    0.000    0.000 {method 'upper' of 'str' objects}
        1    0.000    0.000    0.000    0.000 {method 'view' of 'numpy.ndarray' objects}
      326    0.000    0.000    0.000    0.000 {min}
       36    0.000    0.000    0.000    0.000 {nt._getfullpathname}
       46    0.004    0.000    0.004    0.000 {nt.access}
        1    0.000    0.000    0.000    0.000 {nt.getcwd}
       26    0.008    0.000    0.008    0.000 {nt.listdir}
       95    0.010    0.000    0.010    0.000 {nt.stat}
        1    0.013    0.013    0.013    0.013 {nt.urandom}
       38    0.001    0.000    0.001    0.000 {numpy.core.multiarray.array}
       21    0.000    0.000    0.000    0.000 {numpy.core.multiarray.empty}
        2    0.000    0.000    0.000    0.000 {numpy.core.multiarray.set_string_function}
        1    0.000    0.000    0.000    0.000 {numpy.core.multiarray.set_typeDict}
        1    0.000    0.000    0.000    0.000 {numpy.core.umath.seterrobj}
      259    0.000    0.000    0.000    0.000 {numpy.lib._compiled_base.add_docstring}
        1    0.000    0.000    0.000    0.000 {open}
      170    0.000    0.000    0.000    0.000 {ord}
        1    0.324    0.324    0.324    0.324 {pygame.base.init}
        1    0.342    0.342    0.342    0.342 {pygame.base.quit}
        1    0.001    0.001    0.001    0.001 {pygame.display.flip}
        1    0.000    0.000    0.000    0.000 {pygame.display.get_surface}
        1    0.269    0.269    0.353    0.353 {pygame.display.set_mode}
      331    0.002    0.000    0.002    0.000 {range}
       45    0.000    0.000    0.000    0.000 {repr}
       11    0.000    0.000    0.000    0.000 {setattr}
       21    0.000    0.000    0.000    0.000 {sys._getframe}
        1    0.000    0.000    0.000    0.000 {sys.exit}
        2    0.000    0.000    0.000    0.000 {sys.getwindowsversion}
        3    0.000    0.000    0.000    0.000 {thread.allocate_lock}
        2    0.000    0.000    0.000    0.000 {thread.get_ident}
        1    0.000    0.000    0.000    0.000 {zip}


